This file contains any messages produced by compilers while
running configure, to aid debugging if configure makes a mistake.

It was created by configure, which was
generated by GNU Autoconf 2.63.  Invocation command line was

  $ ./configure --enable-thrift_protocol --with-php-config=/usr/local/webserver/php-5.4.22/bin/php-config

## --------- ##
## Platform. ##
## --------- ##

hostname = analyzer
uname -m = x86_64
uname -r = 2.6.32-358.el6.x86_64
uname -s = Linux
uname -v = #1 SMP Fri Feb 22 00:31:26 UTC 2013

/usr/bin/uname -p = unknown
/bin/uname -X     = unknown

/bin/arch              = x86_64
/usr/bin/arch -k       = unknown
/usr/convex/getsysinfo = unknown
/usr/bin/hostinfo      = unknown
/bin/machine           = unknown
/usr/bin/oslevel       = unknown
/bin/universe          = unknown

PATH: /usr/lib64/qt-3.3/bin
PATH: /usr/local/sbin
PATH: /usr/local/bin
PATH: /sbin
PATH: /bin
PATH: /usr/sbin
PATH: /usr/bin
PATH: /home/wangtuo/bin
PATH: /usr/local/webserver/php-5.4.22/lib/php/pear/


## ----------- ##
## Core tests. ##
## ----------- ##

configure:1991: checking for grep that handles long lines and -e
configure:2051: result: /bin/grep
configure:2056: checking for egrep
configure:2120: result: /bin/grep -E
configure:2125: checking for a sed that does not truncate output
configure:2179: result: /bin/sed
configure:2311: checking for cc
configure:2327: found /usr/bin/cc
configure:2338: result: cc
configure:2372: checking for C compiler version
configure:2380: cc --version >&5
cc (GCC) 4.4.7 20120313 (Red Hat 4.4.7-4)
Copyright (C) 2010 Free Software Foundation, Inc.
This is free software; see the source for copying conditions.  There is NO
warranty; not even for MERCHANTABILITY or FITNESS FOR A PARTICULAR PURPOSE.

configure:2384: $? = 0
configure:2391: cc -v >&5
Using built-in specs.
Target: x86_64-redhat-linux
Configured with: ../configure --prefix=/usr --mandir=/usr/share/man --infodir=/usr/share/info --with-bugurl=http://bugzilla.redhat.com/bugzilla --enable-bootstrap --enable-shared --enable-threads=posix --enable-checking=release --with-system-zlib --enable-__cxa_atexit --disable-libunwind-exceptions --enable-gnu-unique-object --enable-languages=c,c++,objc,obj-c++,java,fortran,ada --enable-java-awt=gtk --disable-dssi --with-java-home=/usr/lib/jvm/java-1.5.0-gcj-1.5.0.0/jre --enable-libgcj-multifile --enable-java-maintainer-mode --with-ecj-jar=/usr/share/java/eclipse-ecj.jar --disable-libjava-multilib --with-ppl --with-cloog --with-tune=generic --with-arch_32=i686 --build=x86_64-redhat-linux
Thread model: posix
gcc version 4.4.7 20120313 (Red Hat 4.4.7-4) (GCC) 
configure:2395: $? = 0
configure:2402: cc -V >&5
cc: '-V' option must have argument
configure:2406: $? = 1
configure:2429: checking for C compiler default output file name
configure:2451: cc    conftest.c  >&5
configure:2455: $? = 0
configure:2493: result: a.out
configure:2512: checking whether the C compiler works
configure:2522: ./a.out
configure:2526: $? = 0
configure:2545: result: yes
configure:2552: checking whether we are cross compiling
configure:2554: result: no
configure:2557: checking for suffix of executables
configure:2564: cc -o conftest    conftest.c  >&5
configure:2568: $? = 0
configure:2594: result: 
configure:2600: checking for suffix of object files
configure:2626: cc -c   conftest.c >&5
configure:2630: $? = 0
configure:2655: result: o
configure:2659: checking whether we are using the GNU C compiler
configure:2688: cc -c   conftest.c >&5
configure:2695: $? = 0
configure:2712: result: yes
configure:2721: checking whether cc accepts -g
configure:2751: cc -c -g  conftest.c >&5
configure:2758: $? = 0
configure:2859: result: yes
configure:2876: checking for cc option to accept ISO C89
configure:2950: cc  -c -g -O2  conftest.c >&5
configure:2957: $? = 0
configure:2980: result: none needed
configure:3004: checking how to run the C preprocessor
configure:3044: cc -E  conftest.c
configure:3051: $? = 0
configure:3082: cc -E  conftest.c
conftest.c:8:28: error: ac_nonexistent.h: No such file or directory
configure:3089: $? = 1
configure: failed program was:
| /* confdefs.h.  */
| #define PACKAGE_NAME ""
| #define PACKAGE_TARNAME ""
| #define PACKAGE_VERSION ""
| #define PACKAGE_STRING ""
| #define PACKAGE_BUGREPORT ""
| /* end confdefs.h.  */
| #include <ac_nonexistent.h>
configure:3122: result: cc -E
configure:3151: cc -E  conftest.c
configure:3158: $? = 0
configure:3189: cc -E  conftest.c
conftest.c:8:28: error: ac_nonexistent.h: No such file or directory
configure:3196: $? = 1
configure: failed program was:
| /* confdefs.h.  */
| #define PACKAGE_NAME ""
| #define PACKAGE_TARNAME ""
| #define PACKAGE_VERSION ""
| #define PACKAGE_STRING ""
| #define PACKAGE_BUGREPORT ""
| /* end confdefs.h.  */
| #include <ac_nonexistent.h>
configure:3238: checking for icc
configure:3251: result: no
configure:3265: checking for suncc
configure:3278: result: no
configure:3296: checking whether cc understands -c and -o together
configure:3328: cc -c conftest.c -o conftest2.o >&5
configure:3332: $? = 0
configure:3338: cc -c conftest.c -o conftest2.o >&5
configure:3342: $? = 0
configure:3397: result: yes
configure:3413: checking for system library directory
configure:3428: result: lib
configure:3435: checking if compiler supports -R
configure:3464: cc -o conftest -g -O2   conftest.c -R /usr/lib  >&5
cc: unrecognized option '-R'
/usr/lib: file not recognized: Is a directory
collect2: ld returned 1 exit status
configure:3471: $? = 1
configure: failed program was:
| /* confdefs.h.  */
| #define PACKAGE_NAME ""
| #define PACKAGE_TARNAME ""
| #define PACKAGE_VERSION ""
| #define PACKAGE_STRING ""
| #define PACKAGE_BUGREPORT ""
| /* end confdefs.h.  */
| 
| int
| main ()
| {
| 
|   ;
|   return 0;
| }
configure:3493: result: no
configure:3498: checking if compiler supports -Wl,-rpath,
configure:3527: cc -o conftest -g -O2   conftest.c -Wl,-rpath,/usr/lib  >&5
configure:3534: $? = 0
configure:3556: result: yes
configure:3605: checking build system type
configure:3623: result: x86_64-unknown-linux-gnu
configure:3645: checking host system type
configure:3660: result: x86_64-unknown-linux-gnu
configure:3682: checking target system type
configure:3697: result: x86_64-unknown-linux-gnu
configure:3806: checking for PHP prefix
configure:3808: result: /usr/local/webserver/php-5.4.22
configure:3810: checking for PHP includes
configure:3812: result: -I/usr/local/webserver/php-5.4.22/include/php -I/usr/local/webserver/php-5.4.22/include/php/main -I/usr/local/webserver/php-5.4.22/include/php/TSRM -I/usr/local/webserver/php-5.4.22/include/php/Zend -I/usr/local/webserver/php-5.4.22/include/php/ext -I/usr/local/webserver/php-5.4.22/include/php/ext/date/lib
configure:3814: checking for PHP extension directory
configure:3816: result: /usr/local/webserver/php-5.4.22/lib/php/extensions/no-debug-non-zts-20100525
configure:3818: checking for PHP installed headers prefix
configure:3820: result: /usr/local/webserver/php-5.4.22/include/php
configure:3823: checking if debug is enabled
configure:3853: result: no
configure:3856: checking if zts is enabled
configure:3886: result: no
configure:3957: checking for re2c
configure:3987: result: no
configure:4012: WARNING: You will need re2c 0.13.4 or later if you want to regenerate PHP parsers.
configure:4026: checking for gawk
configure:4043: found /bin/gawk
configure:4054: result: gawk
configure:4102: checking whether to enable the thrift_protocol extension
configure:4141: result: yes, shared
configure:4208: checking for g++
configure:4224: found /usr/bin/g++
configure:4235: result: g++
configure:4262: checking for C++ compiler version
configure:4270: g++ --version >&5
g++ (GCC) 4.4.7 20120313 (Red Hat 4.4.7-3)
Copyright (C) 2010 Free Software Foundation, Inc.
This is free software; see the source for copying conditions.  There is NO
warranty; not even for MERCHANTABILITY or FITNESS FOR A PARTICULAR PURPOSE.

configure:4274: $? = 0
configure:4281: g++ -v >&5
Using built-in specs.
Target: x86_64-redhat-linux
Configured with: ../configure --prefix=/usr --mandir=/usr/share/man --infodir=/usr/share/info --with-bugurl=http://bugzilla.redhat.com/bugzilla --enable-bootstrap --enable-shared --enable-threads=posix --enable-checking=release --with-system-zlib --enable-__cxa_atexit --disable-libunwind-exceptions --enable-gnu-unique-object --enable-languages=c,c++,objc,obj-c++,java,fortran,ada --enable-java-awt=gtk --disable-dssi --with-java-home=/usr/lib/jvm/java-1.5.0-gcj-1.5.0.0/jre --enable-libgcj-multifile --enable-java-maintainer-mode --with-ecj-jar=/usr/share/java/eclipse-ecj.jar --disable-libjava-multilib --with-ppl --with-cloog --with-tune=generic --with-arch_32=i686 --build=x86_64-redhat-linux
Thread model: posix
gcc version 4.4.7 20120313 (Red Hat 4.4.7-3) (GCC) 
configure:4285: $? = 0
configure:4292: g++ -V >&5
g++: '-V' option must have argument
configure:4296: $? = 1
configure:4299: checking whether we are using the GNU C++ compiler
configure:4328: g++ -c   conftest.cpp >&5
configure:4335: $? = 0
configure:4352: result: yes
configure:4361: checking whether g++ accepts -g
configure:4391: g++ -c -g  conftest.cpp >&5
configure:4398: $? = 0
configure:4499: result: yes
configure:4527: checking how to run the C++ preprocessor
configure:4563: g++ -E  conftest.cpp
configure:4570: $? = 0
configure:4601: g++ -E  conftest.cpp
conftest.cpp:8:28: error: ac_nonexistent.h: No such file or directory
configure:4608: $? = 1
configure: failed program was:
| /* confdefs.h.  */
| #define PACKAGE_NAME ""
| #define PACKAGE_TARNAME ""
| #define PACKAGE_VERSION ""
| #define PACKAGE_STRING ""
| #define PACKAGE_BUGREPORT ""
| /* end confdefs.h.  */
| #include <ac_nonexistent.h>
configure:4641: result: g++ -E
configure:4670: g++ -E  conftest.cpp
configure:4677: $? = 0
configure:4708: g++ -E  conftest.cpp
conftest.cpp:8:28: error: ac_nonexistent.h: No such file or directory
configure:4715: $? = 1
configure: failed program was:
| /* confdefs.h.  */
| #define PACKAGE_NAME ""
| #define PACKAGE_TARNAME ""
| #define PACKAGE_VERSION ""
| #define PACKAGE_STRING ""
| #define PACKAGE_BUGREPORT ""
| /* end confdefs.h.  */
| #include <ac_nonexistent.h>
configure:5251: checking for ld used by cc
configure:5318: result: /usr/bin/ld
configure:5327: checking if the linker (/usr/bin/ld) is GNU ld
configure:5342: result: yes
configure:5347: checking for /usr/bin/ld option to reload object files
configure:5354: result: -r
configure:5372: checking for BSD-compatible nm
configure:5421: result: /usr/bin/nm -B
configure:5425: checking whether ln -s works
configure:5429: result: yes
configure:5436: checking how to recognize dependent libraries
configure:5622: result: pass_all
configure:5707: cc -c -g -O2  conftest.c >&5
configure:5710: $? = 0
configure:5863: checking for ANSI C header files
configure:5893: cc -c -g -O2  conftest.c >&5
configure:5900: $? = 0
configure:5999: cc -o conftest -g -O2   conftest.c -lstdc++  >&5
configure:6003: $? = 0
configure:6009: ./conftest
configure:6013: $? = 0
configure:6031: result: yes
configure:6055: checking for sys/types.h
configure:6076: cc -c -g -O2  conftest.c >&5
configure:6083: $? = 0
configure:6100: result: yes
configure:6055: checking for sys/stat.h
configure:6076: cc -c -g -O2  conftest.c >&5
configure:6083: $? = 0
configure:6100: result: yes
configure:6055: checking for stdlib.h
configure:6076: cc -c -g -O2  conftest.c >&5
configure:6083: $? = 0
configure:6100: result: yes
configure:6055: checking for string.h
configure:6076: cc -c -g -O2  conftest.c >&5
configure:6083: $? = 0
configure:6100: result: yes
configure:6055: checking for memory.h
configure:6076: cc -c -g -O2  conftest.c >&5
configure:6083: $? = 0
configure:6100: result: yes
configure:6055: checking for strings.h
configure:6076: cc -c -g -O2  conftest.c >&5
configure:6083: $? = 0
configure:6100: result: yes
configure:6055: checking for inttypes.h
configure:6076: cc -c -g -O2  conftest.c >&5
configure:6083: $? = 0
configure:6100: result: yes
configure:6055: checking for stdint.h
configure:6076: cc -c -g -O2  conftest.c >&5
configure:6083: $? = 0
configure:6100: result: yes
configure:6055: checking for unistd.h
configure:6076: cc -c -g -O2  conftest.c >&5
configure:6083: $? = 0
configure:6100: result: yes
configure:6130: checking dlfcn.h usability
configure:6147: cc -c -g -O2  conftest.c >&5
configure:6154: $? = 0
configure:6168: result: yes
configure:6172: checking dlfcn.h presence
configure:6187: cc -E  conftest.c
configure:6194: $? = 0
configure:6208: result: yes
configure:6236: checking for dlfcn.h
configure:6245: result: yes
configure:6270: checking how to run the C++ preprocessor
configure:6384: result: g++ -E
configure:6413: g++ -E  conftest.cpp
configure:6420: $? = 0
configure:6451: g++ -E  conftest.cpp
conftest.cpp:20:28: error: ac_nonexistent.h: No such file or directory
configure:6458: $? = 1
configure: failed program was:
| /* confdefs.h.  */
| #define PACKAGE_NAME ""
| #define PACKAGE_TARNAME ""
| #define PACKAGE_VERSION ""
| #define PACKAGE_STRING ""
| #define PACKAGE_BUGREPORT ""
| #define COMPILE_DL_THRIFT_PROTOCOL 1
| #define STDC_HEADERS 1
| #define HAVE_SYS_TYPES_H 1
| #define HAVE_SYS_STAT_H 1
| #define HAVE_STDLIB_H 1
| #define HAVE_STRING_H 1
| #define HAVE_MEMORY_H 1
| #define HAVE_STRINGS_H 1
| #define HAVE_INTTYPES_H 1
| #define HAVE_STDINT_H 1
| #define HAVE_UNISTD_H 1
| #define HAVE_DLFCN_H 1
| /* end confdefs.h.  */
| #include <ac_nonexistent.h>
configure:6502: checking the maximum length of command line arguments
configure:6614: result: 1966080
configure:6626: checking command to parse /usr/bin/nm -B output from cc object
configure:6731: g++ -c -g -O2  conftest.cpp >&5
configure:6734: $? = 0
configure:6738: /usr/bin/nm -B conftest.o \| sed -n -e 's/^.*[ 	]\([ABCDGIRSTW][ABCDGIRSTW]*\)[ 	][ 	]*\([_A-Za-z][_A-Za-z0-9]*\)$/\1 \2 \2/p' \> conftest.nm
configure:6741: $? = 0
configure:6793: g++ -o conftest -g -O2   conftest.cpp conftstm.o >&5
configure:6796: $? = 0
configure:6834: result: ok
configure:6838: checking for objdir
configure:6853: result: .libs
configure:6945: checking for ar
configure:6961: found /usr/bin/ar
configure:6972: result: ar
configure:7037: checking for ranlib
configure:7053: found /usr/bin/ranlib
configure:7064: result: ranlib
configure:7129: checking for strip
configure:7145: found /usr/bin/strip
configure:7156: result: strip
configure:7725: checking if cc supports -fno-rtti -fno-exceptions
configure:7743: cc -c -g -O2  -fno-rtti -fno-exceptions conftest.c >&5
cc1: warning: command line option "-fno-rtti" is valid for C++/ObjC++ but not for C
configure:7747: $? = 0
configure:7760: result: no
configure:7775: checking for cc option to produce PIC
configure:8015: result: -fPIC
configure:8023: checking if cc PIC flag -fPIC works
configure:8041: cc -c -g -O2  -fPIC -DPIC conftest.c >&5
configure:8045: $? = 0
configure:8058: result: yes
configure:8086: checking if cc static flag -static works
configure:8114: result: no
configure:8124: checking if cc supports -c -o file.o
configure:8145: cc -c -g -O2  -o out/conftest2.o conftest.c >&5
configure:8149: $? = 0
configure:8171: result: yes
configure:8197: checking whether the cc linker (/usr/bin/ld -m elf_x86_64) supports shared libraries
configure:9129: result: yes
configure:9150: checking whether -lc should be explicitly linked in
configure:9155: cc -c -g -O2  conftest.c >&5
configure:9158: $? = 0
configure:9173: cc -shared conftest.o  -v -Wl,-soname -Wl,conftest -o conftest 2\>\&1 \| grep  -lc  \>/dev/null 2\>\&1
configure:9176: $? = 0
configure:9188: result: no
configure:9196: checking dynamic linker characteristics
configure:9798: result: GNU/Linux ld.so
configure:9822: checking how to hardcode library paths into programs
configure:9847: result: immediate
configure:9861: checking whether stripping libraries is possible
configure:9866: result: yes
configure:10696: checking if libtool supports shared libraries
configure:10698: result: yes
configure:10701: checking whether to build shared libraries
configure:10722: result: yes
configure:10725: checking whether to build static libraries
configure:10729: result: no
configure:10824: result:
creating libtool
configure:11419: checking for ld used by g++
configure:11486: result: /usr/bin/ld -m elf_x86_64
configure:11495: checking if the linker (/usr/bin/ld -m elf_x86_64) is GNU ld
configure:11510: result: yes
configure:11561: checking whether the g++ linker (/usr/bin/ld -m elf_x86_64) supports shared libraries
configure:12459: result: yes
configure:12480: g++ -c -g -O2  conftest.cpp >&5
configure:12483: $? = 0
configure:12639: checking for g++ option to produce PIC
configure:12929: result: -fPIC
configure:12937: checking if g++ PIC flag -fPIC works
configure:12955: g++ -c -g -O2  -fPIC -DPIC conftest.cpp >&5
configure:12959: $? = 0
configure:12972: result: yes
configure:13000: checking if g++ static flag -static works
configure:13028: result: no
configure:13038: checking if g++ supports -c -o file.o
configure:13059: g++ -c -g -O2  -o out/conftest2.o conftest.cpp >&5
configure:13063: $? = 0
configure:13085: result: yes
configure:13111: checking whether the g++ linker (/usr/bin/ld -m elf_x86_64) supports shared libraries
configure:13137: result: yes
configure:13204: checking dynamic linker characteristics
configure:13754: result: GNU/Linux ld.so
configure:13778: checking how to hardcode library paths into programs
configure:13803: result: immediate
configure:14525: creating ./config.status

## ---------------------- ##
## Running config.status. ##
## ---------------------- ##

This file was extended by config.status, which was
generated by GNU Autoconf 2.63.  Invocation command line was

  CONFIG_FILES    = 
  CONFIG_HEADERS  = 
  CONFIG_LINKS    = 
  CONFIG_COMMANDS = 
  $ ./config.status 

on analyzer

config.status:606: creating config.h

## ---------------- ##
## Cache variables. ##
## ---------------- ##

ac_cv_build=x86_64-unknown-linux-gnu
ac_cv_c_compiler_gnu=yes
ac_cv_cxx_compiler_gnu=yes
ac_cv_env_CCC_set=
ac_cv_env_CCC_value=
ac_cv_env_CC_set=
ac_cv_env_CC_value=
ac_cv_env_CFLAGS_set=
ac_cv_env_CFLAGS_value=
ac_cv_env_CPPFLAGS_set=
ac_cv_env_CPPFLAGS_value=
ac_cv_env_CPP_set=
ac_cv_env_CPP_value=
ac_cv_env_CXXCPP_set=
ac_cv_env_CXXCPP_value=
ac_cv_env_CXXFLAGS_set=
ac_cv_env_CXXFLAGS_value=
ac_cv_env_CXX_set=
ac_cv_env_CXX_value=
ac_cv_env_LDFLAGS_set=
ac_cv_env_LDFLAGS_value=
ac_cv_env_LIBS_set=
ac_cv_env_LIBS_value=
ac_cv_env_build_alias_set=
ac_cv_env_build_alias_value=
ac_cv_env_host_alias_set=
ac_cv_env_host_alias_value=
ac_cv_env_target_alias_set=
ac_cv_env_target_alias_value=
ac_cv_header_dlfcn_h=yes
ac_cv_header_inttypes_h=yes
ac_cv_header_memory_h=yes
ac_cv_header_stdc=yes
ac_cv_header_stdint_h=yes
ac_cv_header_stdlib_h=yes
ac_cv_header_string_h=yes
ac_cv_header_strings_h=yes
ac_cv_header_sys_stat_h=yes
ac_cv_header_sys_types_h=yes
ac_cv_header_unistd_h=yes
ac_cv_host=x86_64-unknown-linux-gnu
ac_cv_objext=o
ac_cv_path_EGREP='/bin/grep -E'
ac_cv_path_GREP=/bin/grep
ac_cv_prog_AWK=gawk
ac_cv_prog_CPP='cc -E'
ac_cv_prog_CXXCPP='g++ -E'
ac_cv_prog_ac_ct_AR=ar
ac_cv_prog_ac_ct_CC=cc
ac_cv_prog_ac_ct_CXX=g++
ac_cv_prog_ac_ct_RANLIB=ranlib
ac_cv_prog_ac_ct_STRIP=strip
ac_cv_prog_cc_c89=
ac_cv_prog_cc_cc_c_o=yes
ac_cv_prog_cc_g=yes
ac_cv_prog_cxx_g=yes
ac_cv_target=x86_64-unknown-linux-gnu
lt_cv_deplibs_check_method=pass_all
lt_cv_file_magic_cmd='$MAGIC_CMD'
lt_cv_file_magic_test_file=
lt_cv_ld_reload_flag=-r
lt_cv_objdir=.libs
lt_cv_path_LD=/usr/bin/ld
lt_cv_path_LDCXX='/usr/bin/ld -m elf_x86_64'
lt_cv_path_NM='/usr/bin/nm -B'
lt_cv_path_SED=/bin/sed
lt_cv_prog_compiler_c_o=yes
lt_cv_prog_compiler_c_o_CXX=yes
lt_cv_prog_compiler_pic_works=yes
lt_cv_prog_compiler_pic_works_CXX=yes
lt_cv_prog_compiler_rtti_exceptions=no
lt_cv_prog_compiler_static_works=no
lt_cv_prog_compiler_static_works_CXX=no
lt_cv_prog_gnu_ld=yes
lt_cv_prog_gnu_ldcxx=yes
lt_cv_sys_global_symbol_pipe='sed -n -e '\''s/^.*[ 	]\([ABCDGIRSTW][ABCDGIRSTW]*\)[ 	][ 	]*\([_A-Za-z][_A-Za-z0-9]*\)$/\1 \2 \2/p'\'''
lt_cv_sys_global_symbol_to_c_name_address='sed -n -e '\''s/^: \([^ ]*\) $/  {\"\1\", (lt_ptr) 0},/p'\'' -e '\''s/^[BCDEGRST] \([^ ]*\) \([^ ]*\)$/  {"\2", (lt_ptr) \&\2},/p'\'''
lt_cv_sys_global_symbol_to_cdecl='sed -n -e '\''s/^. .* \(.*\)$/extern int \1;/p'\'''
lt_cv_sys_lib_dlsearch_path_spec='/lib /usr/lib /usr/lib64/mysql /usr/lib64/qt-3.3/lib /usr/lib64/xulrunner '
lt_cv_sys_lib_search_path_spec='/usr/lib/gcc/x86_64-redhat-linux/4.4.7 /usr/lib64 /lib64'
lt_cv_sys_max_cmd_len=1966080
lt_lt_cv_prog_compiler_c_o='"yes"'
lt_lt_cv_prog_compiler_c_o_CXX='"yes"'
lt_lt_cv_sys_global_symbol_pipe='"sed -n -e '\''s/^.*[ 	]\\([ABCDGIRSTW][ABCDGIRSTW]*\\)[ 	][ 	]*\\([_A-Za-z][_A-Za-z0-9]*\\)\$/\\1 \\2 \\2/p'\''"'
lt_lt_cv_sys_global_symbol_to_c_name_address='"sed -n -e '\''s/^: \\([^ ]*\\) \$/  {\\\"\\1\\\", (lt_ptr) 0},/p'\'' -e '\''s/^[BCDEGRST] \\([^ ]*\\) \\([^ ]*\\)\$/  {\"\\2\", (lt_ptr) \\&\\2},/p'\''"'
lt_lt_cv_sys_global_symbol_to_cdecl='"sed -n -e '\''s/^. .* \\(.*\\)\$/extern int \\1;/p'\''"'
php_cv_cc_dashr=no
php_cv_cc_rpath=yes

## ----------------- ##
## Output variables. ##
## ----------------- ##

AR='ar'
AWK='gawk'
CC='cc'
CFLAGS='-g -O2'
CONFIGURE_COMMAND=' '\''./configure'\''  '\''--enable-thrift_protocol'\'' '\''--with-php-config=/usr/local/webserver/php-5.4.22/bin/php-config'\'''
CONFIGURE_OPTIONS=' '\''--enable-thrift_protocol'\'' '\''--with-php-config=/usr/local/webserver/php-5.4.22/bin/php-config'\'''
CPP='cc -E'
CPPFLAGS=' -DHAVE_CONFIG_H'
CXX='g++'
CXXCPP='g++ -E'
CXXFLAGS='-g -O2'
DEFS='-DHAVE_CONFIG_H'
DSYMUTIL=''
ECHO='echo'
ECHO_C=''
ECHO_N='-n'
ECHO_T=''
EGREP='/bin/grep -E'
EXEEXT=''
GREP='/bin/grep'
LDFLAGS=''
LIBOBJS=''
LIBS='-lstdc++ '
LIBTOOL='$(SHELL) $(top_builddir)/libtool'
LN_S='ln -s'
LTLIBOBJS=''
NMEDIT=''
OBJEXT='o'
PACKAGE_BUGREPORT=''
PACKAGE_NAME=''
PACKAGE_STRING=''
PACKAGE_TARNAME=''
PACKAGE_VERSION=''
PATH_SEPARATOR=':'
RANLIB='ranlib'
RE2C='exit 0;'
SED='/bin/sed'
SHELL='/bin/sh'
SHLIB_DL_SUFFIX_NAME='so'
SHLIB_SUFFIX_NAME='so'
STRIP='strip'
ac_ct_CC='cc'
ac_ct_CXX='g++'
bindir='${exec_prefix}/bin'
build='x86_64-unknown-linux-gnu'
build_alias=''
build_cpu='x86_64'
build_os='linux-gnu'
build_vendor='unknown'
datadir='${datarootdir}'
datarootdir='${prefix}/share'
docdir='${datarootdir}/doc/${PACKAGE}'
dvidir='${docdir}'
exec_prefix='$(prefix)'
host='x86_64-unknown-linux-gnu'
host_alias='x86_64-unknown-linux-gnu'
host_cpu='x86_64'
host_os='linux-gnu'
host_vendor='unknown'
htmldir='${docdir}'
includedir='${prefix}/include'
infodir='${datarootdir}/info'
libdir='${exec_prefix}/lib'
libexecdir='${exec_prefix}/libexec'
localedir='${datarootdir}/locale'
localstatedir='${prefix}/var'
mandir='${datarootdir}/man'
oldincludedir='/usr/include'
pdfdir='${docdir}'
prefix='/usr/local/webserver/php-5.4.22'
program_transform_name='s,x,x,'
psdir='${docdir}'
sbindir='${exec_prefix}/sbin'
sharedstatedir='${prefix}/com'
sysconfdir='${prefix}/etc'
target='x86_64-unknown-linux-gnu'
target_alias=''
target_cpu='x86_64'
target_os='linux-gnu'
target_vendor='unknown'

## ----------- ##
## confdefs.h. ##
## ----------- ##

#define PACKAGE_NAME ""
#define PACKAGE_TARNAME ""
#define PACKAGE_VERSION ""
#define PACKAGE_STRING ""
#define PACKAGE_BUGREPORT ""
#define COMPILE_DL_THRIFT_PROTOCOL 1
#define STDC_HEADERS 1
#define HAVE_SYS_TYPES_H 1
#define HAVE_SYS_STAT_H 1
#define HAVE_STDLIB_H 1
#define HAVE_STRING_H 1
#define HAVE_MEMORY_H 1
#define HAVE_STRINGS_H 1
#define HAVE_INTTYPES_H 1
#define HAVE_STDINT_H 1
#define HAVE_UNISTD_H 1
#define HAVE_DLFCN_H 1

configure: exit 0
